
[7m[1m[36m NX [39m[22m[27m  [36mRunning target [1mbuild[22m for project api-alertas and [1m3[22m tasks it depends on:[39m

[2m[36m[39m[22m

[2m> [22m[2mnx run[22m @biosstel/shared-types:build

Compiling TypeScript files for project "@biosstel/shared-types"...
Done compiling TypeScript files for project "@biosstel/shared-types".

[2m> [22m[2mnx run[22m api-shared:build

Compiling TypeScript files for project "api-shared"...
Done compiling TypeScript files for project "api-shared".

[2m> [22m[2mnx run[22m api-objetivos:build

Compiling TypeScript files for project "api-objetivos"...
Done compiling TypeScript files for project "api-objetivos".

[2m> [22m[2mnx run[22m api-alertas:build

Compiling TypeScript files for project "api-alertas"...
node.exe : [1m[31m[96m/Users/amuni/Desktop/babooni/l
ibs/backend/api-alertas/src/alertas.module.ts[0m:[93m
10[0m:[93m42[0m - [91merror[0m[90m TS2307: 
[0mCannot find module './application/cqrs/handlers/ale
rtas/FichajeEndedAlert.handler' or its corresponding 
type declarations.
En línea: 1 Carácter: 1
+ & "C:\stack\node/node.exe" 
"C:\stack\node/node_modules/npm/bin/npx-cl ...
+ ~~~~~~~~~~~~~~~~~~~~~~~~~~~~~~~~~~~~~~~~~~~~~~~~~~~~~
~~~~~~~~~~~~~~~~
    + CategoryInfo          : NotSpecified: ([1m[31m 
   [96m/...e declarations.:String) [], RemoteExcepti  
  on
    + FullyQualifiedErrorId : NativeCommandError
 
[7m10[0m import { FichajeEndedAlertHandler } from './
application/cqrs/handlers/alertas/FichajeEndedAlert.han
dler';
[7m  [0m [91m                                       
  ~~~~~~~~~~~~~~~~~~~~~~~~~~~~~~~~~~~~~~~~~~~~~~~~~~~~~
~~~~~~~~~~[0m
[96m/Users/amuni/Desktop/babooni/libs/backend/api-aler
tas/src/alertas.module.ts[0m:[93m12[0m:[93m36[0m 
- [91merror[0m[90m TS2307: [0mCannot find module '.
/application/cqrs/handlers/alertas/ListAlertas.handler'
 or its corresponding type declarations.
[7m12[0m import { ListAlertasHandler } from './applic
ation/cqrs/handlers/alertas/ListAlertas.handler';
[7m  [0m [91m                                   ~~~~
~~~~~~~~~~~~~~~~~~~~~~~~~~~~~~~~~~~~~~~~~~~~~~~~~~~~~[
0m
[96m/Users/amuni/Desktop/babooni/libs/backend/api-aler
tas/src/application/cqrs/AlertasMediatorRegistration.ts
[0m:[93m4[0m:[93m36[0m - [91merror[0m[90m 
TS2307: [0mCannot find module 
'./handlers/alertas/ListAlertas.handler' or its 
corresponding type declarations.
[7m4[0m import { ListAlertasHandler } from 
'./handlers/alertas/ListAlertas.handler';
[7m [0m [91m                                   
~~~~~~~~~~~~~~~~~~~~~~~~~~~~~~~~~~~~~~~~[0m
[39m[22m

[2m[31m[39m[22m

[7m[1m[31m NX [39m[22m[27m  [31mRunning target [1mbuild[22m for project api-alertas and [1m3[22m tasks it depends on failed[39m

[2mFailed tasks:[22m

[2m-[22m api-alertas:build

[2mHint: run the command with[22m --verbose [2mfor more details.[22m

